{"/Users/bikas/Documents/Experiments/react-unleash/src/components/Header/Header.tsx": {"path":"/Users/bikas/Documents/Experiments/react-unleash/src/components/Header/Header.tsx","statementMap":{"0":{"start":{"line":5,"column":21},"end":{"line":13,"column":1}}},"fnMap":{"0":{"name":"Header","decl":{"start":{"line":19,"column":16},"end":{"line":19,"column":23}},"loc":{"start":{"line":19,"column":60},"end":{"line":25,"column":null}}}},"branchMap":{"0":{"loc":{"start":{"line":19,"column":25},"end":{"line":19,"column":45}},"type":"default-arg","locations":[{"start":{"line":19,"column":33},"end":{"line":19,"column":45}}]}},"s":{"0":3},"f":{"0":2},"b":{"0":[1]}}
,"/Users/bikas/Documents/Experiments/react-unleash/src/components/Users/Users.styled.tsx": {"path":"/Users/bikas/Documents/Experiments/react-unleash/src/components/Users/Users.styled.tsx","statementMap":{"0":{"start":{"line":5,"column":25},"end":{"line":8,"column":1}},"1":{"start":{"line":10,"column":20},"end":{"line":22,"column":1}},"2":{"start":{"line":24,"column":26},"end":{"line":30,"column":1}},"3":{"start":{"line":32,"column":30},"end":{"line":36,"column":1}}},"fnMap":{},"branchMap":{},"s":{"0":2,"1":2,"2":2,"3":2},"f":{},"b":{}}
,"/Users/bikas/Documents/Experiments/react-unleash/src/components/Users/Users.tsx": {"path":"/Users/bikas/Documents/Experiments/react-unleash/src/components/Users/Users.tsx","statementMap":{"0":{"start":{"line":11,"column":37},"end":{"line":11,"column":null}},"1":{"start":{"line":13,"column":2},"end":{"line":17,"column":null}},"2":{"start":{"line":19,"column":2},"end":{"line":21,"column":null}}},"fnMap":{"0":{"name":"Users","decl":{"start":{"line":10,"column":16},"end":{"line":10,"column":null}},"loc":{"start":{"line":10,"column":16},"end":{"line":43,"column":null}}}},"branchMap":{"0":{"loc":{"start":{"line":13,"column":2},"end":{"line":17,"column":null}},"type":"if","locations":[{"start":{"line":13,"column":2},"end":{"line":17,"column":null}},{"start":{"line":13,"column":2},"end":{"line":17,"column":null}}]},"1":{"loc":{"start":{"line":19,"column":2},"end":{"line":21,"column":null}},"type":"if","locations":[{"start":{"line":19,"column":2},"end":{"line":21,"column":null}},{"start":{"line":19,"column":2},"end":{"line":21,"column":null}}]}},"s":{"0":9,"1":9,"2":3},"f":{"0":9},"b":{"0":[6,3],"1":[1,2]}}
,"/Users/bikas/Documents/Experiments/react-unleash/src/pages/Home.tsx": {"path":"/Users/bikas/Documents/Experiments/react-unleash/src/pages/Home.tsx","statementMap":{},"fnMap":{"0":{"name":"Home","decl":{"start":{"line":3,"column":16},"end":{"line":3,"column":null}},"loc":{"start":{"line":3,"column":16},"end":{"line":11,"column":null}}}},"branchMap":{},"s":{},"f":{"0":1},"b":{}}
,"/Users/bikas/Documents/Experiments/react-unleash/src/store/api.ts": {"path":"/Users/bikas/Documents/Experiments/react-unleash/src/store/api.ts","statementMap":{"0":{"start":{"line":5,"column":19},"end":{"line":17,"column":3}},"1":{"start":{"line":10,"column":6},"end":{"line":10,"column":null}},"2":{"start":{"line":12,"column":6},"end":{"line":12,"column":null}},"3":{"start":{"line":15,"column":20},"end":{"line":15,"column":null}}},"fnMap":{"0":{"name":"(anonymous_0)","decl":{"start":{"line":9,"column":20},"end":{"line":9,"column":21}},"loc":{"start":{"line":9,"column":21},"end":{"line":13,"column":null}}},"1":{"name":"(anonymous_1)","decl":{"start":{"line":15,"column":13},"end":{"line":15,"column":20}},"loc":{"start":{"line":15,"column":20},"end":{"line":15,"column":null}}}},"branchMap":{},"s":{"0":2,"1":3,"2":3,"3":2},"f":{"0":3,"1":2},"b":{}}
,"/Users/bikas/Documents/Experiments/react-unleash/src/store/postsSlice.ts": {"path":"/Users/bikas/Documents/Experiments/react-unleash/src/store/postsSlice.ts","statementMap":{"0":{"start":{"line":5,"column":24},"end":{"line":16,"column":3}},"1":{"start":{"line":6,"column":27},"end":{"line":14,"column":null}},"2":{"start":{"line":8,"column":19},"end":{"line":8,"column":null}},"3":{"start":{"line":12,"column":21},"end":{"line":12,"column":35}},"4":{"start":{"line":21,"column":4},"end":{"line":21,"column":13}}},"fnMap":{"0":{"name":"(anonymous_0)","decl":{"start":{"line":6,"column":13},"end":{"line":6,"column":14}},"loc":{"start":{"line":6,"column":27},"end":{"line":14,"column":null}}},"1":{"name":"(anonymous_1)","decl":{"start":{"line":8,"column":13},"end":{"line":8,"column":19}},"loc":{"start":{"line":8,"column":19},"end":{"line":8,"column":null}}},"2":{"name":"(anonymous_2)","decl":{"start":{"line":12,"column":13},"end":{"line":12,"column":14}},"loc":{"start":{"line":12,"column":21},"end":{"line":12,"column":35}}}},"branchMap":{},"s":{"0":0,"1":0,"2":0,"3":0,"4":0},"f":{"0":0,"1":0,"2":0},"b":{}}
,"/Users/bikas/Documents/Experiments/react-unleash/src/store/usersSlice.ts": {"path":"/Users/bikas/Documents/Experiments/react-unleash/src/store/usersSlice.ts","statementMap":{"0":{"start":{"line":5,"column":24},"end":{"line":16,"column":3}},"1":{"start":{"line":6,"column":27},"end":{"line":14,"column":null}},"2":{"start":{"line":8,"column":19},"end":{"line":8,"column":null}},"3":{"start":{"line":12,"column":21},"end":{"line":12,"column":35}},"4":{"start":{"line":21,"column":4},"end":{"line":21,"column":13}}},"fnMap":{"0":{"name":"(anonymous_0)","decl":{"start":{"line":6,"column":13},"end":{"line":6,"column":14}},"loc":{"start":{"line":6,"column":27},"end":{"line":14,"column":null}}},"1":{"name":"(anonymous_1)","decl":{"start":{"line":8,"column":13},"end":{"line":8,"column":19}},"loc":{"start":{"line":8,"column":19},"end":{"line":8,"column":null}}},"2":{"name":"(anonymous_2)","decl":{"start":{"line":12,"column":13},"end":{"line":12,"column":14}},"loc":{"start":{"line":12,"column":21},"end":{"line":12,"column":35}}}},"branchMap":{},"s":{"0":2,"1":2,"2":3,"3":0,"4":2},"f":{"0":2,"1":3,"2":0},"b":{}}
,"/Users/bikas/Documents/Experiments/react-unleash/src/utilities/helpers.ts": {"path":"/Users/bikas/Documents/Experiments/react-unleash/src/utilities/helpers.ts","statementMap":{"0":{"start":{"line":4,"column":15},"end":{"line":4,"column":null}},"1":{"start":{"line":6,"column":2},"end":{"line":8,"column":null}},"2":{"start":{"line":7,"column":4},"end":{"line":7,"column":null}},"3":{"start":{"line":10,"column":22},"end":{"line":10,"column":null}},"4":{"start":{"line":11,"column":14},"end":{"line":11,"column":null}},"5":{"start":{"line":13,"column":2},"end":{"line":13,"column":null}}},"fnMap":{"0":{"name":"formatDate","decl":{"start":{"line":3,"column":16},"end":{"line":3,"column":27}},"loc":{"start":{"line":3,"column":45},"end":{"line":14,"column":null}}}},"branchMap":{"0":{"loc":{"start":{"line":6,"column":2},"end":{"line":8,"column":null}},"type":"if","locations":[{"start":{"line":6,"column":2},"end":{"line":8,"column":null}},{"start":{"line":6,"column":2},"end":{"line":8,"column":null}}]},"1":{"loc":{"start":{"line":11,"column":14},"end":{"line":11,"column":null}},"type":"cond-expr","locations":[{"start":{"line":11,"column":33},"end":{"line":11,"column":50}},{"start":{"line":11,"column":53},"end":{"line":11,"column":null}}]}},"s":{"0":2,"1":2,"2":1,"3":1,"4":1,"5":1},"f":{"0":2},"b":{"0":[1,1],"1":[1,0]}}
}
